#
# There is insufficient memory for the Java Runtime Environment to continue.
# Native memory allocation (mmap) failed to map 130023424 bytes for Failed to commit area from 0x0000000084200000 to 0x000000008be00000 of length 130023424.
# Possible reasons:
#   The system is out of physical RAM or swap space
#   The process is running with CompressedOops enabled, and the Java Heap may be blocking the growth of the native heap
# Possible solutions:
#   Reduce memory load on the system
#   Increase physical memory or swap space
#   Check if swap backing store is full
#   Decrease Java heap size (-Xmx/-Xms)
#   Decrease number of Java threads
#   Decrease Java thread stack sizes (-Xss)
#   Set larger code cache with -XX:ReservedCodeCacheSize=
# This output file may be truncated or incomplete.
#
#  Out of Memory Error (c:/BuildAgent/work/5ff2f6c26000d570/src/hotspot/os/windows/os_windows.cpp:3272), pid=14476, tid=17372
#
# JRE version:  (11.0.3+12) (build )
# Java VM: OpenJDK 64-Bit Server VM (11.0.3+12-b304.39, mixed mode, aot, sharing, tiered, compressed oops, g1 gc, windows-amd64)
# No core dump will be written. Minidumps are not enabled by default on client versions of Windows
#

---------------  S U M M A R Y ------------

Command Line: org.jetbrains.git4idea.nativessh.GitNativeSshAskPassApp Enter passphrase for key '/c/Users/Administrator/.ssh/id_rsa': 

Host: Intel(R) Core(TM) i5-5200U CPU @ 2.20GHz, 4 cores, 7G,  Windows 10 , 64 bit Build 10586 (10.0.10586.0)
Time: Wed Oct 16 14:29:14 2019 ?D1¨²¡À¨º¡Á?¨º¡À?? elapsed time: 0 seconds (0d 0h 0m 0s)

---------------  T H R E A D  ---------------

Current thread (0x000002a55ddaf000):  JavaThread "Unknown thread" [_thread_in_vm, id=17372, stack(0x000000f543b00000,0x000000f543c00000)]

Stack: [0x000000f543b00000,0x000000f543c00000]
Native frames: (J=compiled Java code, j=interpreted, Vv=VM code, C=native code)
V  [jvm.dll+0x5da77a]
V  [jvm.dll+0x70b9c9]
V  [jvm.dll+0x70cee8]
V  [jvm.dll+0x70d5b3]
V  [jvm.dll+0x23ddc8]
V  [jvm.dll+0x5d7ef4]
V  [jvm.dll+0x5ccfc5]
V  [jvm.dll+0x2fa44b]
V  [jvm.dll+0x2fa3ba]
V  [jvm.dll+0x2fa292]
V  [jvm.dll+0x2ff156]
V  [jvm.dll+0x3474c3]
V  [jvm.dll+0x347bc6]
V  [jvm.dll+0x3475c3]
V  [jvm.dll+0x2d4f68]
V  [jvm.dll+0x2d6107]
V  [jvm.dll+0x6eabf7]
V  [jvm.dll+0x6ec38c]
V  [jvm.dll+0x354c29]
V  [jvm.dll+0x6d28ae]
V  [jvm.dll+0x3bd363]
V  [jvm.dll+0x3bf7a1]
C  [java.exe+0x3763]
C  [java.exe+0x17a0c]
C  [KERNEL32.DLL+0x18102]
C  [ntdll.dll+0x5c574]


---------------  P R O C E S S  ---------------

Threads class SMR info:
_java_thread_list=0x000002a55c55f420, length=0, elements={
}

Java Threads: ( => current thread )

Other Threads:
  0x000002a55ddc5000 GCTaskThread "GC Thread#0" [stack: 0x000000f543c00000,0x000000f543d00000] [id=10360]
  0x000002a55ddf4800 ConcurrentGCThread "G1 Main Marker" [stack: 0x000000f543d00000,0x000000f543e00000] [id=10392]
  0x000002a55ddf5800 ConcurrentGCThread "G1 Conc#0" [stack: 0x000000f543e00000,0x000000f543f00000] [id=13112]

[error occurred during error reporting (printing all threads), id 0xc0000005, EXCEPTION_ACCESS_VIOLATION (0xc0000005) at pc=0x00007ff9bd745507]

VM state:not at safepoint (not fully initialized)

VM Mutex/Monitor currently owned by a thread:  ([mutex/lock_event])
[0x000002a55ddad220] Heap_lock - owner thread: 0x000002a55ddaf000

Heap address: 0x0000000084200000, size: 1982 MB, Compressed Oops mode: Non-zero based: 0x0000000084200000
Narrow klass base: 0x0000000000000000, Narrow klass shift: 0

GC Heap History (0 events):
No events

Deoptimization events (0 events):
No events

Classes redefined (0 events):
No events

Internal exceptions (0 events):
No events

Events (0 events):
No events


Dynamic libraries:
0x00007ff7afa40000 - 0x00007ff7afa87000 	E:\PyCharm Community Edition 2019.2.1\jbr\bin\java.exe
0x00007ff9f74d0000 - 0x00007ff9f7691000 	C:\Windows\SYSTEM32\ntdll.dll
0x00007ff9f5e30000 - 0x00007ff9f5edd000 	C:\Windows\system32\KERNEL32.DLL
0x00007ff9f4280000 - 0x00007ff9f4468000 	C:\Windows\system32\KERNELBASE.dll
0x00007ff9f6e40000 - 0x00007ff9f6f96000 	C:\Windows\system32\USER32.dll
0x00007ff9f6ad0000 - 0x00007ff9f6c56000 	C:\Windows\system32\GDI32.dll
0x00007ff9e5960000 - 0x00007ff9e5bd4000 	C:\Windows\WinSxS\amd64_microsoft.windows.common-controls_6595b64144ccf1df_6.0.10586.0_none_8c15ae12515e1c22\COMCTL32.dll
0x00007ff9f5ee0000 - 0x00007ff9f5f7d000 	C:\Windows\system32\msvcrt.dll
0x00007ff9f6060000 - 0x00007ff9f62dd000 	C:\Windows\system32\combase.dll
0x00007ff9f73b0000 - 0x00007ff9f74cc000 	C:\Windows\system32\RPCRT4.dll
0x00007ff9f45a0000 - 0x00007ff9f460a000 	C:\Windows\system32\bcryptPrimitives.dll
0x00007ff9f7050000 - 0x00007ff9f708b000 	C:\Windows\system32\IMM32.DLL
0x00007ff9e84b0000 - 0x00007ff9e84c7000 	E:\PyCharm Community Edition 2019.2.1\jbr\bin\vcruntime140.dll
0x00007ff9f2c00000 - 0x00007ff9f2cf4000 	C:\Windows\SYSTEM32\ucrtbase.dll
0x00007ff9c4690000 - 0x00007ff9c472d000 	E:\PyCharm Community Edition 2019.2.1\jbr\bin\msvcp140.dll
0x00007ff9bd460000 - 0x00007ff9bdf17000 	E:\PyCharm Community Edition 2019.2.1\jbr\bin\server\jvm.dll
0x00007ff9f6fa0000 - 0x00007ff9f7047000 	C:\Windows\system32\ADVAPI32.dll
0x00007ff9f62e0000 - 0x00007ff9f633b000 	C:\Windows\system32\sechost.dll
0x00007ff9f6050000 - 0x00007ff9f6058000 	C:\Windows\system32\PSAPI.DLL
0x00007ff9ef060000 - 0x00007ff9ef069000 	C:\Windows\SYSTEM32\WSOCK32.dll
0x00007ff9e9b80000 - 0x00007ff9e9ba3000 	C:\Windows\SYSTEM32\WINMM.dll
0x00007ff9f2790000 - 0x00007ff9f279a000 	C:\Windows\SYSTEM32\VERSION.dll
0x00007ff9f64b0000 - 0x00007ff9f651b000 	C:\Windows\system32\WS2_32.dll
0x000002a55dd70000 - 0x000002a55dd9c000 	C:\Windows\SYSTEM32\WINMMBASE.dll
0x00007ff9f4550000 - 0x00007ff9f4593000 	C:\Windows\system32\cfgmgr32.dll
0x00007ff9f3b60000 - 0x00007ff9f3b6f000 	C:\Windows\system32\kernel.appcore.dll
0x00007ff9edc80000 - 0x00007ff9edc91000 	E:\PyCharm Community Edition 2019.2.1\jbr\bin\verify.dll
0x00007ff9e86d0000 - 0x00007ff9e885c000 	C:\Windows\SYSTEM32\DBGHELP.DLL
0x00007ff9de6a0000 - 0x00007ff9de6c5000 	C:\Windows\SYSTEM32\dbgcore.DLL
0x00007ff9ed3b0000 - 0x00007ff9ed3d9000 	E:\PyCharm Community Edition 2019.2.1\jbr\bin\java.dll
0x00007ff9ed410000 - 0x00007ff9ed427000 	E:\PyCharm Community Edition 2019.2.1\jbr\bin\zip.dll
0x00007ff9ed3a0000 - 0x00007ff9ed3ab000 	E:\PyCharm Community Edition 2019.2.1\jbr\bin\jimage.dll

dbghelp: loaded successfully - version: 4.0.5 - missing functions: none
symbol engine: initialized successfully - sym options: 0x614 - pdb path: .;E:\PyCharm Community Edition 2019.2.1\jbr\bin;C:\Windows\SYSTEM32;C:\Windows\WinSxS\amd64_microsoft.windows.common-controls_6595b64144ccf1df_6.0.10586.0_none_8c15ae12515e1c22;E:\PyCharm Community Edition 2019.2.1\jbr\bin\server

VM Arguments:
java_command: org.jetbrains.git4idea.nativessh.GitNativeSshAskPassApp Enter passphrase for key '/c/Users/Administrator/.ssh/id_rsa': 
java_class_path (initial): E:/PyCharm Community Edition 2019.2.1/plugins/git4idea/lib/git4idea-rt.jar;E:/PyCharm Community Edition 2019.2.1/lib/xmlrpc-2.0.1.jar;E:/PyCharm Community Edition 2019.2.1/lib/commons-codec-1.13.jar;E:/PyCharm Community Edition 2019.2.1/lib/util.jar
Launcher Type: SUN_STANDARD

[Global flags]
     intx CICompilerCount                          = 3                                         {product} {ergonomic}
     uint ConcGCThreads                            = 1                                         {product} {ergonomic}
     uint G1ConcRefinementThreads                  = 4                                         {product} {ergonomic}
   size_t G1HeapRegionSize                         = 1048576                                   {product} {ergonomic}
    uintx GCDrainStackTargetSize                   = 64                                        {product} {ergonomic}
   size_t InitialHeapSize                          = 130023424                                 {product} {ergonomic}
   size_t MarkStackSize                            = 4194304                                   {product} {ergonomic}
   size_t MaxHeapSize                              = 2078277632                                {product} {ergonomic}
   size_t MinHeapDeltaBytes                        = 1048576                                   {product} {ergonomic}
    uintx NonNMethodCodeHeapSize                   = 5830092                                {pd product} {ergonomic}
    uintx NonProfiledCodeHeapSize                  = 122914074                              {pd product} {ergonomic}
    uintx ProfiledCodeHeapSize                     = 122914074                              {pd product} {ergonomic}
    uintx ReservedCodeCacheSize                    = 251658240                              {pd product} {ergonomic}
     bool SegmentedCodeCache                       = true                                      {product} {ergonomic}
     bool UseCompressedClassPointers               = true                                 {lp64_product} {ergonomic}
     bool UseCompressedOops                        = true                                 {lp64_product} {ergonomic}
     bool UseG1GC                                  = true                                      {product} {ergonomic}
     bool UseLargePagesIndividualAllocation        = false                                  {pd product} {ergonomic}

Logging:
Log output configuration:
 #0: stdout all=warning uptime,level,tags
 #1: stderr all=off uptime,level,tags

Environment Variables:
JAVA_HOME=E:\JDK8
CLASSPATH=.;E:\JDK8\lib;E:\JDK8\lib\dt.jar;E:\JDK8\lib\tools.jar
PATH=E:\Git\mingw64\libexec\git-core;E:\Git\mingw64\bin;E:\Git\usr\bin;C:\Users\Administrator\bin;E:\Xmanager 6;E:\JDK8\bin;E:\JDK8\jre\bin;C:\Program Files (x86)\Common Files\Oracle\Java\javapath;C:\Windows\system32;C:\Windows;C:\Windows\System32\Wbem;C:\Windows\System32\WindowsPowerShell\v1.0;E:\JAVA\mysql\mysql-8.0.13-winx64\bin;E:\JAVA\maven\apache-maven-3.6.0\bin;E:\Git\cmd;C:\Users\Administrator\AppData\Local\Programs\Python\Python37\Scripts;C:\Users\Administrator\AppData\Local\Programs\Python\Python37;C:\Program Files\Bandizip
USERNAME=Administrator
DISPLAY=:0.0
OS=Windows_NT
PROCESSOR_IDENTIFIER=Intel64 Family 6 Model 61 Stepping 4, GenuineIntel



---------------  S Y S T E M  ---------------

OS: Windows 10 , 64 bit Build 10586 (10.0.10586.0)

CPU:total 4 (initial active 4) (2 cores per cpu, 2 threads per core) family 6 model 61 stepping 4, cmov, cx8, fxsr, mmx, sse, sse2, sse3, ssse3, sse4.1, sse4.2, popcnt, avx, avx2, aes, clmul, erms, 3dnowpref, lzcnt, ht, tsc, tscinvbit, bmi1, bmi2, adx, fma

Memory: 4k page, system-wide physical 7926M (1751M free)
TotalPageFile size 14311M (AvailPageFile size 85M)
current process WorkingSet (physical memory assigned to process): 9M, peak: 9M
current process commit charge ("private bytes"): 51M, peak: 175M

vm_info: OpenJDK 64-Bit Server VM (11.0.3+12-b304.39) for windows-amd64 JRE (11.0.3+12-b304.39), built on Aug 14 2019 11:03:43 by "" with MS VC++ 14.0 (VS2015)

END.
